> Task :app:clean
> Task :app:preBuild UP-TO-DATE
> Task :app:preDebugBuild UP-TO-DATE
> Task :app:mergeDebugNativeDebugMetadata NO-SOURCE
> Task :app:checkKotlinGradlePluginConfigurationErrors
> Task :app:generateDebugBuildConfig
> Task :app:generateDebugResValues
> Task :app:mapDebugSourceSetPaths
> Task :app:generateDebugResources
> Task :app:checkDebugAarMetadata
> Task :app:packageDebugResources
> Task :app:createDebugCompatibleScreenManifests
> Task :app:extractDeepLinksDebug
> Task :app:parseDebugLocalResources
> Task :app:processDebugMainManifest
> Task :app:processDebugManifest
> Task :app:mergeDebugResources
> Task :app:mergeDebugShaders
> Task :app:compileDebugShaders NO-SOURCE
> Task :app:generateDebugAssets UP-TO-DATE
> Task :app:javaPreCompileDebug
> Task :app:mergeDebugAssets
> Task :app:compressDebugAssets
> Task :app:desugarDebugFileDependencies
> Task :app:mergeDebugJniLibFolders
> Task :app:mergeDebugNativeLibs NO-SOURCE
> Task :app:stripDebugDebugSymbols NO-SOURCE
> Task :app:validateSigningDebug
> Task :app:writeDebugAppMetadata
> Task :app:writeDebugSigningConfigVersions
> Task :app:processDebugManifestForPackage
> Task :app:checkDebugDuplicateClasses
> Task :app:mergeLibDexDebug
> Task :app:processDebugResources
> Task :app:kspDebugKotlin
> Task :app:mergeExtDexDebug

> Task :app:compileDebugKotlin FAILED
e: file:///B:/MovieApk/MovieApp/app/src/main/java/com/example/movieapp/MainActivity.kt:30:53 Unresolved reference: composable
e: file:///B:/MovieApk/MovieApp/app/src/main/java/com/example/movieapp/MainActivity.kt:31:61 @Composable invocations can only happen from the context of a @Composable function
e: file:///B:/MovieApk/MovieApp/app/src/main/java/com/example/movieapp/MainActivity.kt:38:53 Unresolved reference: composable
e: file:///B:/MovieApk/MovieApp/app/src/main/java/com/example/movieapp/MainActivity.kt:39:61 @Composable invocations can only happen from the context of a @Composable function
e: file:///B:/MovieApk/MovieApp/app/src/main/java/com/example/movieapp/MainActivity.kt:46:53 Unresolved reference: composable
e: file:///B:/MovieApk/MovieApp/app/src/main/java/com/example/movieapp/MainActivity.kt:50:60 @Composable invocations can only happen from the context of a @Composable function
e: file:///B:/MovieApk/MovieApp/app/src/main/java/com/example/movieapp/data/network/TmdbApi.kt:25:8 Unresolved reference: MovieDto
e: file:///B:/MovieApk/MovieApp/app/src/main/java/com/example/movieapp/util/NotificationHelper.kt:29:29 Unresolved reference: mipmap

[Incubating] Problems report is available at: file:///B:/MovieApk/MovieApp/build/reports/problems/problems-report.html

FAILURE: Build failed with an exception.

* What went wrong:
Execution failed for task ':app:compileDebugKotlin'.
> A failure occurred while executing org.jetbrains.kotlin.compilerRunner.GradleCompilerRunnerWithWorkers$GradleKotlinCompilerWorkAction
   > Compilation error. See log for more details

* Try:
> Run with --stacktrace option to get the stack trace.
> Run with --info or --debug option to get more log output.
> Run with --scan to get full insights.
> Get more help at https://help.gradle.org.

Deprecated Gradle features were used in this build, making it incompatible with Gradle 10.0.

You can use '--warning-mode all' to show the individual deprecation warnings and determine if they come from your own scripts or plugins.

For more on this, please refer to https://docs.gradle.org/9.0-milestone-1/userguide/command_line_interface.html#sec:command_line_warnings in the Gradle documentation.

BUILD FAILED in 26s
30 actionable tasks: 30 executed
